<?xml version="1.0" encoding="utf-8" standalone="no"?>
<test-run id="2" testcasecount="2" result="Passed" total="2" passed="2" failed="0" inconclusive="0" skipped="0" asserts="0" engine-version="3.4.1.0" clr-version="4.0.30319.42000" start-time="2016-08-10 11:52:19Z" end-time="2016-08-10 11:52:19Z" duration="0.527629">
  <command-line><![CDATA["Z:/Source/csharp/TrySharpYaml/tools/NUnit.ConsoleRunner/tools/nunit3-console.exe" "Z:/Source/csharp/TrySharpYaml/TrySharpYaml/bin/Debug/TrySharpYaml.dll"]]></command-line>
  <test-suite type="Assembly" id="0-1004" name="TrySharpYaml.dll" fullname="Z:\Source\csharp\TrySharpYaml\TrySharpYaml\bin\Debug\TrySharpYaml.dll" runstate="Runnable" testcasecount="2" result="Passed" start-time="2016-08-10 11:52:19Z" end-time="2016-08-10 11:52:19Z" duration="0.462619" total="2" passed="2" failed="0" inconclusive="0" skipped="0" asserts="0">
    <environment framework-version="3.4.1.0" clr-version="4.0.30319.42000" os-version="Microsoft Windows NT 10.0.14388.0" platform="Win32NT" cwd="Z:\Source\csharp\TrySharpYaml" machine-name="WKF266" user="wk" user-domain="WKF266" culture="en-US" uiculture="en-US" os-architecture="x64" />
    <settings>
      <setting name="WorkDirectory" value="Z:\Source\csharp\TrySharpYaml" />
      <setting name="ImageRuntimeVersion" value="4.0.30319" />
      <setting name="ImageTargetFrameworkName" value=".NETFramework,Version=v4.5.1" />
      <setting name="ImageRequiresX86" value="False" />
      <setting name="ImageRequiresDefaultAppDomainAssemblyResolver" value="False" />
      <setting name="NumberOfTestWorkers" value="2" />
    </settings>
    <properties>
      <property name="_PID" value="1056" />
      <property name="_APPDOMAIN" value="test-domain-" />
    </properties>
    <test-suite type="TestFixture" id="0-1000" name="ItemReaderTests" fullname="ItemReaderTests" classname="ItemReaderTests" runstate="Runnable" testcasecount="1" result="Passed" start-time="2016-08-10 11:52:19Z" end-time="2016-08-10 11:52:19Z" duration="0.394274" total="1" passed="1" failed="0" inconclusive="0" skipped="0" asserts="0">
      <test-case id="0-1001" name="shouldReadYam" fullname="ItemReaderTests.shouldReadYam" methodname="shouldReadYam" classname="ItemReaderTests" runstate="Runnable" seed="1150323009" result="Passed" start-time="2016-08-10 11:52:19Z" end-time="2016-08-10 11:52:19Z" duration="0.371663" asserts="0" />
    </test-suite>
    <test-suite type="TestFixture" id="0-1002" name="SimpleReaderTests" fullname="SimpleReaderTests" classname="SimpleReaderTests" runstate="Runnable" testcasecount="1" result="Passed" start-time="2016-08-10 11:52:19Z" end-time="2016-08-10 11:52:19Z" duration="0.023099" total="1" passed="1" failed="0" inconclusive="0" skipped="0" asserts="0">
      <test-case id="0-1003" name="shouldReadYam" fullname="SimpleReaderTests.shouldReadYam" methodname="shouldReadYam" classname="SimpleReaderTests" runstate="Runnable" seed="1133508416" result="Passed" start-time="2016-08-10 11:52:19Z" end-time="2016-08-10 11:52:19Z" duration="0.019894" asserts="0" />
    </test-suite>
  </test-suite>
</test-run>